#
# A fatal error has been detected by the Java Runtime Environment:
#
#  SIGSEGV (0xb) at pc=0x0000000118453e75, pid=83530, tid=0x0000000000000307
#
# JRE version: Java(TM) SE Runtime Environment (8.0_221-b11) (build 1.8.0_221-b11)
# Java VM: Java HotSpot(TM) 64-Bit Server VM (25.221-b11 mixed mode bsd-amd64 compressed oops)
# Problematic frame:
# C  [libglass.dylib+0x5e75]  -[GlassApplication applicationWillHide:]+0xd5
#
# Failed to write core dump. Core dumps have been disabled. To enable core dumping, try "ulimit -c unlimited" before starting Java again
#
# If you would like to submit a bug report, please visit:
#   http://bugreport.java.com/bugreport/crash.jsp
#

---------------  T H R E A D  ---------------

Current thread is native thread

siginfo: si_signo: 11 (SIGSEGV), si_code: 1 (SEGV_MAPERR), si_addr: 0x0000000000000000

Registers:
RAX=0x00007fd8f0201c30, RBX=0x0000000000000000, RCX=0x0000000000000008, RDX=0x0000000000000000
RSP=0x00007ffeef700dc0, RBP=0x00007ffeef7011f0, RSI=0x00007fff2e9f96c0, RDI=0x00007fd8ee009088
R8 =0x0000000000000000, R9 =0x00007fd8f0201c30, R10=0x00007fff8bfed398, R11=0x00007fd8edd14ad0
R12=0x00007fff5aff9680, R13=0x0000000000000000, R14=0x00007fd8edf312f0, R15=0x00007fd8f0201c30
RIP=0x0000000118453e75, EFLAGS=0x0000000000010206, ERR=0x0000000000000004
  TRAPNO=0x000000000000000e

Top of Stack: (sp=0x00007ffeef700dc0)
0x00007ffeef700dc0:   0000000118453e15 00007fff308e32f6
0x00007ffeef700dd0:   00007fff308e3270 00007fff308e31da
0x00007ffeef700de0:   00007fff308eb688 00007fff30854014
0x00007ffeef700df0:   00007fff308533c7 00007fff32ad9aab
0x00007ffeef700e00:   00007fff2deb239b 00007fff2deb2205
0x00007ffeef700e10:   00007fff2fadc22e 00007fff2fadb5df
0x00007ffeef700e20:   00007fff2faf89b6 00007fff2de76966
0x00007ffeef700e30:   00007fff2de7546b 00007fff2de6f588
0x00007ffeef700e40:   000000011c273f72 000000011c9780bf
0x00007ffeef700e50:   00007fff32b78302 00007fff3089cde3
0x00007ffeef700e60:   00007fff3089cd89 00007fff3088074b
0x00007ffeef700e70:   00007fff3087fd15 00007fff3087f61e
0x00007ffeef700e80:   000000010050046e 00000001004fc03c
0x00007ffeef700e90:   00000001005024cb 00000001004fb894
0x00007ffeef700ea0:   0000000000000000 0000000000000000
0x00007ffeef700eb0:   0000000000000000 0000000000000000
0x00007ffeef700ec0:   0000000000000000 0000000000000000
0x00007ffeef700ed0:   0000000000000000 0000000000000000
0x00007ffeef700ee0:   0000000000000000 0000000000000000
0x00007ffeef700ef0:   0000000000000000 0000000000000000
0x00007ffeef700f00:   0000000000000000 00007fff5c981bbb
0x00007ffeef700f10:   0000000000000000 0000000000001e00
0x00007ffeef700f20:   0000000000000005 00007fff8bb5b530
0x00007ffeef700f30:   000000010051d800 000000010051ba00
0x00007ffeef700f40:   00007ffeef700ff0 00007fff5c9817b9
0x00007ffeef700f50:   00007fff92dafa40 f686800070001003
0x00007ffeef700f60:   a3a3a3a3a3a3ffff 0000000000000002
0x00007ffeef700f70:   00007fd8ee009068 00007fd8ee009000
0x00007ffeef700f80:   00007ffe00000005 00007fff5affc48a
0x00007ffeef700f90:   0000000000000000 0000000000000000
0x00007ffeef700fa0:   0000000000001e00 0000000000000000
0x00007ffeef700fb0:   0000000000000000 0000000300000001 

Instructions: (pc=0x0000000118453e75)
0x0000000118453e55:   8b 35 25 a7 03 00 4c 8b 25 1e 23 03 00 41 ff d4
0x0000000118453e65:   48 8b 35 c4 a6 03 00 48 89 c7 41 ff d4 49 89 c7
0x0000000118453e75:   48 8b 03 4c 8b a8 e8 01 00 00 48 8b 05 f2 bb 03
0x0000000118453e85:   00 4d 8b 34 06 48 8b 3d 27 b9 03 00 48 8b 35 20 

Register to memory mapping:

RAX=0x00007fd8f0201c30 is an unknown value
RBX=0x0000000000000000 is an unknown value
RCX=0x0000000000000008 is an unknown value
RDX=0x0000000000000000 is an unknown value
RSP=0x00007ffeef700dc0 is an unknown value
RBP=0x00007ffeef7011f0 is an unknown value
RSI=0x00007fff2e9f96c0: GCC_except_table7+0x24 in /System/Library/Frameworks/AppKit.framework/Versions/C/AppKit at 0x00007fff2de5c000
RDI=0x00007fd8ee009088 is an unknown value
R8 =0x0000000000000000 is an unknown value
R9 =0x00007fd8f0201c30 is an unknown value
R10=0x00007fff8bfed398: OBJC_CLASS_$_NSAutoreleasePool+0 in /System/Library/Frameworks/Foundation.framework/Versions/C/Foundation at 0x00007fff32ac8000
R11=0x00007fd8edd14ad0 is an unknown value
R12=0x00007fff5aff9680: objc_msgSend+0 in /usr/lib/libobjc.A.dylib at 0x00007fff5aff3000
R13=0x0000000000000000 is an unknown value
R14=0x00007fd8edf312f0 is an unknown value
R15=0x00007fd8f0201c30 is an unknown value


Stack: [0x00007ffeeef06000,0x00007ffeef706000],  sp=0x00007ffeef700dc0,  free space=8171k
Native frames: (J=compiled Java code, j=interpreted, Vv=VM code, C=native code)
C  [libglass.dylib+0x5e75]  -[GlassApplication applicationWillHide:]+0xd5
C  [CoreFoundation+0x9e2f6]  __CFNOTIFICATIONCENTER_IS_CALLING_OUT_TO_AN_OBSERVER__+0xc
C  [CoreFoundation+0x9e270]  ___CFXRegistrationPost_block_invoke+0x3f
C  [CoreFoundation+0x9e1da]  _CFXRegistrationPost+0x194
C  [CoreFoundation+0xa6688]  ___CFXNotificationPost_block_invoke+0x57
C  [CoreFoundation+0xf014]  -[_CFXNotificationRegistrar find:object:observer:enumerator:]+0x66a
C  [CoreFoundation+0xe3c7]  _CFXNotificationPost+0x2dc
C  [Foundation+0x11aab]  -[NSNotificationCenter postNotificationName:object:userInfo:]+0x42
C  [AppKit+0x5639b]  -[NSApplication _doHideMaybeFakingIt:]+0x111
C  [AppKit+0x56205]  _hideShowHandler+0x89
C  [HIToolbox+0x922e]  DispatchEventToHandlers(EventTargetRec*, OpaqueEventRef*, HandlerCallRec*)+0x58e
C  [HIToolbox+0x85df]  SendEventToEventTargetInternal(OpaqueEventRef*, OpaqueEventTargetRef*, HandlerCallRec*)+0x173
C  [HIToolbox+0x259b6]  SendEventToEventTarget+0x27
C  [AppKit+0x1a966]  _DPSNextEvent+0x658
C  [AppKit+0x1946b]  -[NSApplication(NSEvent) _nextEventMatchingEventMask:untilDate:inMode:dequeue:]+0x551
C  [AppKit+0x13588]  -[NSApplication run]+0x2bb
C  [libosxapp.dylib+0x1f72]  +[NSApplicationAWT runAWTLoopWithApp:]+0x9c
C  [libawt_lwawt.dylib+0x480bf]  -[AWTStarter starter:]+0x389
C  [Foundation+0xb0302]  __NSThreadPerformPerform+0x148
C  [CoreFoundation+0x57de3]  __CFRUNLOOP_IS_CALLING_OUT_TO_A_SOURCE0_PERFORM_FUNCTION__+0x11
C  [CoreFoundation+0x57d89]  __CFRunLoopDoSource0+0x6c
C  [CoreFoundation+0x3b74b]  __CFRunLoopDoSources0+0xc3
C  [CoreFoundation+0x3ad15]  __CFRunLoopRun+0x4a5
C  [CoreFoundation+0x3a61e]  CFRunLoopRunSpecific+0x1c7
C  [java+0x646e]  CreateExecutionEnvironment+0x367
C  [java+0x203c]  JLI_Launch+0x7a0
C  [java+0x84cb]  main+0x65
C  [java+0x1894]  start+0x34


---------------  P R O C E S S  ---------------

VM state:not at safepoint (normal execution)

VM Mutex/Monitor currently owned by a thread: None

heap address: 0x0000000740000000, size: 2048 MB, Compressed Oops mode: Zero based, Oop shift amount: 3
Narrow klass base: 0x0000000000000000, Narrow klass shift: 3
Compressed class space size: 1073741824 Address: 0x00000007c0000000

Heap:
 PSYoungGen      total 38400K, used 7269K [0x0000000795580000, 0x0000000798000000, 0x00000007c0000000)
  eden space 33280K, 9% used [0x0000000795580000,0x00000007958a5540,0x0000000797600000)
  from space 5120K, 79% used [0x0000000797600000,0x00000007979f4040,0x0000000797b00000)
  to   space 5120K, 0% used [0x0000000797b00000,0x0000000797b00000,0x0000000798000000)
 ParOldGen       total 87552K, used 4048K [0x0000000740000000, 0x0000000745580000, 0x0000000795580000)
  object space 87552K, 4% used [0x0000000740000000,0x00000007403f4020,0x0000000745580000)
 Metaspace       used 12691K, capacity 13272K, committed 13440K, reserved 1060864K
  class space    used 1671K, capacity 1850K, committed 1920K, reserved 1048576K

Card table byte_map: [0x00000001021b9000,0x00000001025ba000] byte_map_base: 0x00000000fe7b9000

Marking Bits: (ParMarkBitMap*) 0x00000001016fbe40
 Begin Bits: [0x0000000102865000, 0x0000000104865000)
 End Bits:   [0x0000000104865000, 0x0000000106865000)

Polling page: 0x0000000100575000

CodeCache: size=245760Kb used=3546Kb max_used=3555Kb free=242213Kb
 bounds [0x00000001081fd000, 0x000000010857d000, 0x00000001171fd000]
 total_blobs=1689 nmethods=1067 adapters=535
 compilation: enabled

Compilation events (10 events):
Event: 4.684 Thread 0x00007fd8ef01f800 1064       4       jdk.internal.org.objectweb.asm.ClassWriter::newUTF8 (70 bytes)
Event: 4.700 Thread 0x00007fd8ef01f800 nmethod 1064 0x00000001085753d0 code [0x00000001085755a0, 0x0000000108576208]
Event: 4.700 Thread 0x00007fd8ef825800 1065       3       com.sun.javafx.tk.Toolkit::isFxUserThread (15 bytes)
Event: 4.701 Thread 0x00007fd8ef825800 nmethod 1065 0x0000000108575010 code [0x0000000108575180, 0x0000000108575350]
Event: 4.701 Thread 0x00007fd8ef825800 1066       1       java.lang.invoke.MemberName::getReferenceKind (12 bytes)
Event: 4.701 Thread 0x00007fd8ef825800 nmethod 1066 0x0000000108574d50 code [0x0000000108574ea0, 0x0000000108574fb0]
Event: 4.709 Thread 0x00007fd8ef825800 1067       3       java.util.Collections$UnmodifiableCollection::size (10 bytes)
Event: 4.710 Thread 0x00007fd8ef825800 nmethod 1067 0x0000000108574910 code [0x0000000108574a80, 0x0000000108574ca8]
Event: 4.740 Thread 0x00007fd8ef825800 1068       3       sun.invoke.util.VerifyAccess::isTypeVisible (49 bytes)
Event: 4.741 Thread 0x00007fd8ef825800 nmethod 1068 0x0000000108573fd0 code [0x0000000108574160, 0x00000001085746c8]

GC Heap History (2 events):
Event: 2.182 GC heap before
{Heap before GC invocations=1 (full 0):
 PSYoungGen      total 38400K, used 33280K [0x0000000795580000, 0x0000000798000000, 0x00000007c0000000)
  eden space 33280K, 100% used [0x0000000795580000,0x0000000797600000,0x0000000797600000)
  from space 5120K, 0% used [0x0000000797b00000,0x0000000797b00000,0x0000000798000000)
  to   space 5120K, 0% used [0x0000000797600000,0x0000000797600000,0x0000000797b00000)
 ParOldGen       total 87552K, used 0K [0x0000000740000000, 0x0000000745580000, 0x0000000795580000)
  object space 87552K, 0% used [0x0000000740000000,0x0000000740000000,0x0000000745580000)
 Metaspace       used 11907K, capacity 12380K, committed 12544K, reserved 1060864K
  class space    used 1604K, capacity 1740K, committed 1792K, reserved 1048576K
Event: 2.190 GC heap after
Heap after GC invocations=1 (full 0):
 PSYoungGen      total 38400K, used 4048K [0x0000000795580000, 0x0000000798000000, 0x00000007c0000000)
  eden space 33280K, 0% used [0x0000000795580000,0x0000000795580000,0x0000000797600000)
  from space 5120K, 79% used [0x0000000797600000,0x00000007979f4040,0x0000000797b00000)
  to   space 5120K, 0% used [0x0000000797b00000,0x0000000797b00000,0x0000000798000000)
 ParOldGen       total 87552K, used 4048K [0x0000000740000000, 0x0000000745580000, 0x0000000795580000)
  object space 87552K, 4% used [0x0000000740000000,0x00000007403f4020,0x0000000745580000)
 Metaspace       used 11907K, capacity 12380K, committed 12544K, reserved 1060864K
  class space    used 1604K, capacity 1740K, committed 1792K, reserved 1048576K
}

Deoptimization events (4 events):
Event: 0.652 Thread 0x00007fd8ee916800 Uncommon trap: reason=unstable_if action=reinterpret pc=0x00000001083cd07c method=java.lang.String.indexOf([CII[CIII)I @ 134
Event: 0.660 Thread 0x00007fd8ee916800 Uncommon trap: reason=unstable_if action=reinterpret pc=0x00000001083b4618 method=java.lang.String.replace(CC)Ljava/lang/String; @ 2
Event: 0.945 Thread 0x00007fd8ee916800 Uncommon trap: reason=unstable_if action=reinterpret pc=0x000000010843dce0 method=java.lang.CharacterData.of(I)Ljava/lang/CharacterData; @ 4
Event: 1.344 Thread 0x00007fd8ef11f800 Uncommon trap: reason=unstable_if action=reinterpret pc=0x00000001084861d4 method=sun.net.www.ParseUtil.encodePath(Ljava/lang/String;Z)Ljava/lang/String; @ 109

Classes redefined (0 events):
No events

Internal exceptions (10 events):
Event: 0.234 Thread 0x00007fd8ef802000 Exception <a 'java/lang/NoSuchFieldError': method resolution failed> (0x0000000795969458) thrown at [/Users/java_re/workspace/8-2-build-macosx-x86_64/jdk8u221/13320/hotspot/src/share/vm/prims/methodHandles.cpp, line 1167]
Event: 0.236 Thread 0x00007fd8ef802000 Exception <a 'java/lang/NoSuchFieldError': method resolution failed> (0x00000007959770c0) thrown at [/Users/java_re/workspace/8-2-build-macosx-x86_64/jdk8u221/13320/hotspot/src/share/vm/prims/methodHandles.cpp, line 1167]
Event: 0.264 Thread 0x00007fd8ef802000 Exception <a 'java/security/PrivilegedActionException'> (0x0000000795a262e0) thrown at [/Users/java_re/workspace/8-2-build-macosx-x86_64/jdk8u221/13320/hotspot/src/share/vm/prims/jvm.cpp, line 1502]
Event: 0.264 Thread 0x00007fd8ef802000 Exception <a 'java/security/PrivilegedActionException'> (0x0000000795a264f0) thrown at [/Users/java_re/workspace/8-2-build-macosx-x86_64/jdk8u221/13320/hotspot/src/share/vm/prims/jvm.cpp, line 1502]
Event: 0.265 Thread 0x00007fd8ef802000 Exception <a 'java/security/PrivilegedActionException'> (0x0000000795a29820) thrown at [/Users/java_re/workspace/8-2-build-macosx-x86_64/jdk8u221/13320/hotspot/src/share/vm/prims/jvm.cpp, line 1502]
Event: 0.265 Thread 0x00007fd8ef802000 Exception <a 'java/security/PrivilegedActionException'> (0x0000000795a29a30) thrown at [/Users/java_re/workspace/8-2-build-macosx-x86_64/jdk8u221/13320/hotspot/src/share/vm/prims/jvm.cpp, line 1502]
Event: 0.265 Thread 0x00007fd8ef802000 Exception <a 'java/lang/NullPointerException'> (0x0000000795a2a650) thrown at [/Users/java_re/workspace/8-2-build-macosx-x86_64/jdk8u221/13320/hotspot/src/share/vm/interpreter/linkResolver.cpp, line 1185]
Event: 0.643 Thread 0x00007fd8ee916800 Exception <a 'java/lang/NullPointerException'> (0x000000079663abc8) thrown at [/Users/java_re/workspace/8-2-build-macosx-x86_64/jdk8u221/13320/hotspot/src/share/vm/interpreter/linkResolver.cpp, line 1185]
Event: 0.643 Thread 0x00007fd8ee916800 Exception <a 'java/lang/NullPointerException'> (0x000000079663abc8) thrown at [/Users/java_re/workspace/8-2-build-macosx-x86_64/jdk8u221/13320/hotspot/src/share/vm/prims/jvm.cpp, line 1506]
Event: 0.659 Thread 0x00007fd8ee916800 Exception <a 'sun/nio/fs/UnixException'> (0x000000079669d4e8) thrown at [/Users/java_re/workspace/8-2-build-macosx-x86_64/jdk8u221/13320/hotspot/src/share/vm/prims/jni.cpp, line 710]

Events (10 events):
Event: 4.741 loading class java/lang/ProcessEnvironment$Variable
Event: 4.741 loading class java/lang/ProcessEnvironment$ExternalData
Event: 4.741 loading class java/lang/ProcessEnvironment$ExternalData done
Event: 4.741 loading class java/lang/ProcessEnvironment$Variable done
Event: 4.741 loading class java/lang/ProcessEnvironment$Value
Event: 4.741 loading class java/lang/ProcessEnvironment$Value done
Event: 4.741 loading class java/lang/ProcessEnvironment$StringEnvironment
Event: 4.741 loading class java/lang/ProcessEnvironment$StringEnvironment done
Event: 4.742 loading class java/util/Collections$UnmodifiableMap
Event: 4.742 loading class java/util/Collections$UnmodifiableMap done


Dynamic libraries:
0x00007fff2ffd0000 	/System/Library/Frameworks/Cocoa.framework/Versions/A/Cocoa
0x00007fff3bd74000 	/System/Library/Frameworks/Security.framework/Versions/A/Security
0x00007fff2ec63000 	/System/Library/Frameworks/ApplicationServices.framework/Versions/A/ApplicationServices
0x00007fff5be62000 	/usr/lib/libz.1.dylib
0x00007fff597bc000 	/usr/lib/libSystem.B.dylib
0x00007fff5aff3000 	/usr/lib/libobjc.A.dylib
0x00007fff30845000 	/System/Library/Frameworks/CoreFoundation.framework/Versions/A/CoreFoundation
0x00007fff32ac8000 	/System/Library/Frameworks/Foundation.framework/Versions/C/Foundation
0x00007fff2de5c000 	/System/Library/Frameworks/AppKit.framework/Versions/C/AppKit
0x00007fff303ce000 	/System/Library/Frameworks/CoreData.framework/Versions/A/CoreData
0x00007fff53282000 	/System/Library/PrivateFrameworks/RemoteViewServices.framework/Versions/A/RemoteViewServices
0x00007fff574f9000 	/System/Library/PrivateFrameworks/UIFoundation.framework/Versions/A/UIFoundation
0x00007fff58bdd000 	/System/Library/PrivateFrameworks/XCTTargetBootstrap.framework/Versions/A/XCTTargetBootstrap
0x00007fff30754000 	/System/Library/Frameworks/CoreDisplay.framework/Versions/A/CoreDisplay
0x00007fff4dfbc000 	/System/Library/PrivateFrameworks/IconServices.framework/Versions/A/IconServices
0x00007fff353e9000 	/System/Library/Frameworks/Metal.framework/Versions/A/Metal
0x00007fff454ff000 	/System/Library/PrivateFrameworks/DesktopServicesPriv.framework/Versions/A/DesktopServicesPriv
0x00007fff5a356000 	/usr/lib/libenergytrace.dylib
0x00007fff559e0000 	/System/Library/PrivateFrameworks/SkyLight.framework/Versions/A/SkyLight
0x00007fff30c8c000 	/System/Library/Frameworks/CoreGraphics.framework/Versions/A/CoreGraphics
0x00007fff2cc28000 	/System/Library/Frameworks/Accelerate.framework/Versions/A/Accelerate
0x00007fff33211000 	/System/Library/Frameworks/IOSurface.framework/Versions/A/IOSurface
0x00007fff4536b000 	/System/Library/PrivateFrameworks/DFRFoundation.framework/Versions/A/DFRFoundation
0x00007fff2f146000 	/System/Library/Frameworks/AudioToolbox.framework/Versions/A/AudioToolbox
0x00007fff2f3bf000 	/System/Library/Frameworks/AudioUnit.framework/Versions/A/AudioUnit
0x00007fff45400000 	/System/Library/PrivateFrameworks/DataDetectorsCore.framework/Versions/A/DataDetectorsCore
0x00007fff2fad3000 	/System/Library/Frameworks/Carbon.framework/Versions/A/Frameworks/HIToolbox.framework/Versions/A/HIToolbox
0x00007fff5a4af000 	/usr/lib/libicucore.A.dylib
0x00007fff3b2e8000 	/System/Library/Frameworks/QuartzCore.framework/Versions/A/QuartzCore
0x00007fff2fea8000 	/System/Library/Frameworks/Carbon.framework/Versions/A/Frameworks/SpeechRecognition.framework/Versions/A/SpeechRecognition
0x00007fff59910000 	/usr/lib/libauto.dylib
0x00007fff5bd56000 	/usr/lib/libxml2.2.dylib
0x00007fff44f46000 	/System/Library/PrivateFrameworks/CoreUI.framework/Versions/A/CoreUI
0x00007fff302b9000 	/System/Library/Frameworks/CoreAudio.framework/Versions/A/CoreAudio
0x00007fff328fd000 	/System/Library/Frameworks/DiskArbitration.framework/Versions/A/DiskArbitration
0x00007fff5a75d000 	/usr/lib/liblangid.dylib
0x00007fff4f3c7000 	/System/Library/PrivateFrameworks/MultitouchSupport.framework/Versions/A/MultitouchSupport
0x00007fff33180000 	/System/Library/Frameworks/IOKit.framework/Versions/A/IOKit
0x00007fff5937c000 	/usr/lib/libDiagnosticMessagesClient.dylib
0x00007fff31a9b000 	/System/Library/Frameworks/CoreServices.framework/Versions/A/CoreServices
0x00007fff51081000 	/System/Library/PrivateFrameworks/PerformanceAnalysis.framework/Versions/A/PerformanceAnalysis
0x00007fff3a4d6000 	/System/Library/Frameworks/OpenGL.framework/Versions/A/OpenGL
0x00007fff2ffde000 	/System/Library/Frameworks/ColorSync.framework/Versions/A/ColorSync
0x00007fff3131d000 	/System/Library/Frameworks/CoreImage.framework/Versions/A/CoreImage
0x00007fff32473000 	/System/Library/Frameworks/CoreText.framework/Versions/A/CoreText
0x00007fff33274000 	/System/Library/Frameworks/ImageIO.framework/Versions/A/ImageIO
0x00007fff41598000 	/System/Library/PrivateFrameworks/Backup.framework/Versions/A/Backup
0x00007fff59863000 	/usr/lib/libarchive.2.dylib
0x00007fff2f718000 	/System/Library/Frameworks/CFNetwork.framework/Versions/A/CFNetwork
0x00007fff3c4d0000 	/System/Library/Frameworks/SystemConfiguration.framework/Versions/A/SystemConfiguration
0x00007fff592ad000 	/usr/lib/libCRFSuite.dylib
0x00007fff599ff000 	/usr/lib/libc++.1.dylib
0x00007fff59a53000 	/usr/lib/libc++abi.dylib
0x00007fff5c658000 	/usr/lib/system/libcache.dylib
0x00007fff5c65d000 	/usr/lib/system/libcommonCrypto.dylib
0x00007fff5c668000 	/usr/lib/system/libcompiler_rt.dylib
0x00007fff5c670000 	/usr/lib/system/libcopyfile.dylib
0x00007fff5c67a000 	/usr/lib/system/libcorecrypto.dylib
0x00007fff5c785000 	/usr/lib/system/libdispatch.dylib
0x00007fff5c7bf000 	/usr/lib/system/libdyld.dylib
0x00007fff5c7ec000 	/usr/lib/system/libkeymgr.dylib
0x00007fff5c7fa000 	/usr/lib/system/liblaunch.dylib
0x00007fff5c7fb000 	/usr/lib/system/libmacho.dylib
0x00007fff5c801000 	/usr/lib/system/libquarantine.dylib
0x00007fff5c804000 	/usr/lib/system/libremovefile.dylib
0x00007fff5c806000 	/usr/lib/system/libsystem_asl.dylib
0x00007fff5c81e000 	/usr/lib/system/libsystem_blocks.dylib
0x00007fff5c81f000 	/usr/lib/system/libsystem_c.dylib
0x00007fff5c8a7000 	/usr/lib/system/libsystem_configuration.dylib
0x00007fff5c8ab000 	/usr/lib/system/libsystem_coreservices.dylib
0x00007fff5c8af000 	/usr/lib/system/libsystem_darwin.dylib
0x00007fff5c8b6000 	/usr/lib/system/libsystem_dnssd.dylib
0x00007fff5c8bd000 	/usr/lib/system/libsystem_info.dylib
0x00007fff5c932000 	/usr/lib/system/libsystem_m.dylib
0x00007fff5c97e000 	/usr/lib/system/libsystem_malloc.dylib
0x00007fff5c9a9000 	/usr/lib/system/libsystem_networkextension.dylib
0x00007fff5c9b4000 	/usr/lib/system/libsystem_notify.dylib
0x00007fff5c9d1000 	/usr/lib/system/libsystem_sandbox.dylib
0x00007fff5c9d5000 	/usr/lib/system/libsystem_secinit.dylib
0x00007fff5c909000 	/usr/lib/system/libsystem_kernel.dylib
0x00007fff5c9bc000 	/usr/lib/system/libsystem_platform.dylib
0x00007fff5c9c6000 	/usr/lib/system/libsystem_pthread.dylib
0x00007fff5c9d8000 	/usr/lib/system/libsystem_symptoms.dylib
0x00007fff5c9e0000 	/usr/lib/system/libsystem_trace.dylib
0x00007fff5c9f7000 	/usr/lib/system/libunwind.dylib
0x00007fff5c9fd000 	/usr/lib/system/libxpc.dylib
0x00007fff599e0000 	/usr/lib/libbsm.0.dylib
0x00007fff5c7ed000 	/usr/lib/system/libkxld.dylib
0x00007fff40989000 	/System/Library/PrivateFrameworks/AppleFSCompression.framework/Versions/A/AppleFSCompression
0x00007fff5967c000 	/usr/lib/libOpenScriptingUtil.dylib
0x00007fff59d08000 	/usr/lib/libcoretls.dylib
0x00007fff59d1f000 	/usr/lib/libcoretls_cfhelpers.dylib
0x00007fff5b78a000 	/usr/lib/libpam.2.dylib
0x00007fff5b94a000 	/usr/lib/libsqlite3.dylib
0x00007fff5bd44000 	/usr/lib/libxar.1.dylib
0x00007fff599f1000 	/usr/lib/libbz2.1.0.dylib
0x00007fff5a75f000 	/usr/lib/liblzma.5.dylib
0x00007fff5ac10000 	/usr/lib/libnetwork.dylib
0x00007fff5984c000 	/usr/lib/libapple_nghttp2.dylib
0x00007fff5b791000 	/usr/lib/libpcap.A.dylib
0x00007fff31e3a000 	/System/Library/Frameworks/CoreServices.framework/Versions/A/Frameworks/FSEvents.framework/Versions/A/FSEvents
0x00007fff31b19000 	/System/Library/Frameworks/CoreServices.framework/Versions/A/Frameworks/CarbonCore.framework/Versions/A/CarbonCore
0x00007fff31ff5000 	/System/Library/Frameworks/CoreServices.framework/Versions/A/Frameworks/Metadata.framework/Versions/A/Metadata
0x00007fff32094000 	/System/Library/Frameworks/CoreServices.framework/Versions/A/Frameworks/OSServices.framework/Versions/A/OSServices
0x00007fff320df000 	/System/Library/Frameworks/CoreServices.framework/Versions/A/Frameworks/SearchKit.framework/Versions/A/SearchKit
0x00007fff31a9c000 	/System/Library/Frameworks/CoreServices.framework/Versions/A/Frameworks/AE.framework/Versions/A/AE
0x00007fff31e43000 	/System/Library/Frameworks/CoreServices.framework/Versions/A/Frameworks/LaunchServices.framework/Versions/A/LaunchServices
0x00007fff31df1000 	/System/Library/Frameworks/CoreServices.framework/Versions/A/Frameworks/DictionaryServices.framework/Versions/A/DictionaryServices
0x00007fff32147000 	/System/Library/Frameworks/CoreServices.framework/Versions/A/Frameworks/SharedFileList.framework/Versions/A/SharedFileList
0x00007fff364b1000 	/System/Library/Frameworks/NetFS.framework/Versions/A/NetFS
0x00007fff4f62d000 	/System/Library/PrivateFrameworks/NetAuth.framework/Versions/A/NetAuth
0x00007fff58fe1000 	/System/Library/PrivateFrameworks/login.framework/Versions/A/Frameworks/loginsupport.framework/Versions/A/loginsupport
0x00007fff57102000 	/System/Library/PrivateFrameworks/TCC.framework/Versions/A/TCC
0x00007fff445a3000 	/System/Library/PrivateFrameworks/CoreNLP.framework/Versions/A/CoreNLP
0x00007fff4f0c2000 	/System/Library/PrivateFrameworks/MetadataUtilities.framework/Versions/A/MetadataUtilities
0x00007fff5a834000 	/usr/lib/libmecabra.dylib
0x00007fff2ec64000 	/System/Library/Frameworks/ApplicationServices.framework/Versions/A/Frameworks/ATS.framework/Versions/A/ATS
0x00007fff2efb3000 	/System/Library/Frameworks/ApplicationServices.framework/Versions/A/Frameworks/ColorSyncLegacy.framework/Versions/A/ColorSyncLegacy
0x00007fff2f052000 	/System/Library/Frameworks/ApplicationServices.framework/Versions/A/Frameworks/HIServices.framework/Versions/A/HIServices
0x00007fff2f0a5000 	/System/Library/Frameworks/ApplicationServices.framework/Versions/A/Frameworks/LangAnalysis.framework/Versions/A/LangAnalysis
0x00007fff2f0b5000 	/System/Library/Frameworks/ApplicationServices.framework/Versions/A/Frameworks/PrintCore.framework/Versions/A/PrintCore
0x00007fff2f0ff000 	/System/Library/Frameworks/ApplicationServices.framework/Versions/A/Frameworks/QD.framework/Versions/A/QD
0x00007fff2f139000 	/System/Library/Frameworks/ApplicationServices.framework/Versions/A/Frameworks/SpeechSynthesis.framework/Versions/A/SpeechSynthesis
0x00007fff59a7b000 	/usr/lib/libcompression.dylib
0x00007fff356b9000 	/System/Library/Frameworks/MetalPerformanceShaders.framework/Versions/A/MetalPerformanceShaders
0x00007fff2cc40000 	/System/Library/Frameworks/Accelerate.framework/Versions/A/Frameworks/vImage.framework/Versions/A/vImage
0x00007fff2dcba000 	/System/Library/Frameworks/Accelerate.framework/Versions/A/Frameworks/vecLib.framework/Versions/A/vecLib
0x00007fff2dc06000 	/System/Library/Frameworks/Accelerate.framework/Versions/A/Frameworks/vecLib.framework/Versions/A/libvMisc.dylib
0x00007fff2da1e000 	/System/Library/Frameworks/Accelerate.framework/Versions/A/Frameworks/vecLib.framework/Versions/A/libvDSP.dylib
0x00007fff2d2da000 	/System/Library/Frameworks/Accelerate.framework/Versions/A/Frameworks/vecLib.framework/Versions/A/libBLAS.dylib
0x00007fff2d5c7000 	/System/Library/Frameworks/Accelerate.framework/Versions/A/Frameworks/vecLib.framework/Versions/A/libLAPACK.dylib
0x00007fff2d971000 	/System/Library/Frameworks/Accelerate.framework/Versions/A/Frameworks/vecLib.framework/Versions/A/libLinearAlgebra.dylib
0x00007fff2da0a000 	/System/Library/Frameworks/Accelerate.framework/Versions/A/Frameworks/vecLib.framework/Versions/A/libSparseBLAS.dylib
0x00007fff2d987000 	/System/Library/Frameworks/Accelerate.framework/Versions/A/Frameworks/vecLib.framework/Versions/A/libQuadrature.dylib
0x00007fff2d554000 	/System/Library/Frameworks/Accelerate.framework/Versions/A/Frameworks/vecLib.framework/Versions/A/libBNNS.dylib
0x00007fff2d98d000 	/System/Library/Frameworks/Accelerate.framework/Versions/A/Frameworks/vecLib.framework/Versions/A/libSparse.dylib
0x00007fff4b8f1000 	/System/Library/PrivateFrameworks/GPUWrangler.framework/Versions/A/GPUWrangler
0x00007fff4dbf1000 	/System/Library/PrivateFrameworks/IOAccelerator.framework/Versions/A/IOAccelerator
0x00007fff4dbfc000 	/System/Library/PrivateFrameworks/IOPresentment.framework/Versions/A/IOPresentment
0x00007fff4537b000 	/System/Library/PrivateFrameworks/DSExternalDisplay.framework/Versions/A/DSExternalDisplay
0x00007fff3992d000 	/System/Library/Frameworks/OpenGL.framework/Versions/A/Libraries/libCoreFSCache.dylib
0x00007fff354ad000 	/System/Library/Frameworks/MetalPerformanceShaders.framework/Frameworks/MPSCore.framework/Versions/A/MPSCore
0x00007fff354cd000 	/System/Library/Frameworks/MetalPerformanceShaders.framework/Frameworks/MPSImage.framework/Versions/A/MPSImage
0x00007fff35572000 	/System/Library/Frameworks/MetalPerformanceShaders.framework/Frameworks/MPSNeuralNetwork.framework/Versions/A/MPSNeuralNetwork
0x00007fff3554a000 	/System/Library/Frameworks/MetalPerformanceShaders.framework/Frameworks/MPSMatrix.framework/Versions/A/MPSMatrix
0x00007fff3569e000 	/System/Library/Frameworks/MetalPerformanceShaders.framework/Frameworks/MPSRayIntersector.framework/Versions/A/MPSRayIntersector
0x00007fff4f0eb000 	/System/Library/PrivateFrameworks/MetalTools.framework/Versions/A/MetalTools
0x00007fff40233000 	/System/Library/PrivateFrameworks/AggregateDictionary.framework/Versions/A/AggregateDictionary
0x00007fff5965c000 	/usr/lib/libMobileGestalt.dylib
0x00007fff325d6000 	/System/Library/Frameworks/CoreVideo.framework/Versions/A/CoreVideo
0x00007fff4c702000 	/System/Library/PrivateFrameworks/GraphVisualizer.framework/Versions/A/GraphVisualizer
0x00007fff46581000 	/System/Library/PrivateFrameworks/FaceCore.framework/Versions/A/FaceCore
0x00007fff38f5b000 	/System/Library/Frameworks/OpenCL.framework/Versions/A/OpenCL
0x00007fff593b4000 	/usr/lib/libFosl_dynamic.dylib
0x00007fff4fe98000 	/System/Library/PrivateFrameworks/OTSVG.framework/Versions/A/OTSVG
0x00007fff2ed68000 	/System/Library/Frameworks/ApplicationServices.framework/Versions/A/Frameworks/ATS.framework/Versions/A/Resources/libFontParser.dylib
0x00007fff2ee80000 	/System/Library/Frameworks/ApplicationServices.framework/Versions/A/Frameworks/ATS.framework/Versions/A/Resources/libFontRegistry.dylib
0x00007fff334e2000 	/System/Library/Frameworks/ImageIO.framework/Versions/A/Resources/libJPEG.dylib
0x00007fff337f4000 	/System/Library/Frameworks/ImageIO.framework/Versions/A/Resources/libTIFF.dylib
0x00007fff337ca000 	/System/Library/Frameworks/ImageIO.framework/Versions/A/Resources/libPng.dylib
0x00007fff33400000 	/System/Library/Frameworks/ImageIO.framework/Versions/A/Resources/libGIF.dylib
0x00007fff33405000 	/System/Library/Frameworks/ImageIO.framework/Versions/A/Resources/libJP2.dylib
0x00007fff337f1000 	/System/Library/Frameworks/ImageIO.framework/Versions/A/Resources/libRadiance.dylib
0x00007fff40ae0000 	/System/Library/PrivateFrameworks/AppleJPEG.framework/Versions/A/AppleJPEG
0x00007fff39938000 	/System/Library/Frameworks/OpenGL.framework/Versions/A/Libraries/libGFXShared.dylib
0x00007fff39afb000 	/System/Library/Frameworks/OpenGL.framework/Versions/A/Libraries/libGLU.dylib
0x00007fff39941000 	/System/Library/Frameworks/OpenGL.framework/Versions/A/Libraries/libGL.dylib
0x00007fff3994d000 	/System/Library/Frameworks/OpenGL.framework/Versions/A/Libraries/libGLImage.dylib
0x00007fff3992a000 	/System/Library/Frameworks/OpenGL.framework/Versions/A/Libraries/libCVMSPluginSupport.dylib
0x00007fff39933000 	/System/Library/Frameworks/OpenGL.framework/Versions/A/Libraries/libCoreVMClient.dylib
0x00007fff5a1cc000 	/usr/lib/libcups.2.dylib
0x00007fff349b4000 	/System/Library/Frameworks/Kerberos.framework/Versions/A/Kerberos
0x00007fff32ee4000 	/System/Library/Frameworks/GSS.framework/Versions/A/GSS
0x00007fff5b8df000 	/usr/lib/libresolv.9.dylib
0x00007fff5a3be000 	/usr/lib/libiconv.2.dylib
0x00007fff4c877000 	/System/Library/PrivateFrameworks/Heimdal.framework/Versions/A/Heimdal
0x00007fff5a38e000 	/usr/lib/libheimdal-asn1.dylib
0x00007fff38fcf000 	/System/Library/Frameworks/OpenDirectory.framework/Versions/A/OpenDirectory
0x00007fff43306000 	/System/Library/PrivateFrameworks/CommonAuth.framework/Versions/A/CommonAuth
0x00007fff38fb3000 	/System/Library/Frameworks/OpenDirectory.framework/Versions/A/Frameworks/CFOpenDirectory.framework/Versions/A/CFOpenDirectory
0x00007fff3c075000 	/System/Library/Frameworks/SecurityFoundation.framework/Versions/A/SecurityFoundation
0x00007fff3f779000 	/System/Library/PrivateFrameworks/APFS.framework/Versions/A/APFS
0x00007fff5bd40000 	/usr/lib/libutil.dylib
0x00007fff59a69000 	/usr/lib/libcharset.1.dylib
0x00007fff40d7d000 	/System/Library/PrivateFrameworks/AppleSauce.framework/Versions/A/AppleSauce
0x00007fff40efe000 	/System/Library/PrivateFrameworks/AssertionServices.framework/Versions/A/AssertionServices
0x00007fff4162e000 	/System/Library/PrivateFrameworks/BaseBoard.framework/Versions/A/BaseBoard
0x00007fff5a78f000 	/usr/lib/libmecab.1.0.0.dylib
0x00007fff5a388000 	/usr/lib/libgermantok.dylib
0x00007fff59839000 	/usr/lib/libThaiTokenizer.dylib
0x00007fff592e4000 	/usr/lib/libChineseTokenizer.dylib
0x00007fff4e2a9000 	/System/Library/PrivateFrameworks/LanguageModeling.framework/Versions/A/LanguageModeling
0x00007fff43fe8000 	/System/Library/PrivateFrameworks/CoreEmoji.framework/Versions/A/CoreEmoji
0x00007fff4e385000 	/System/Library/PrivateFrameworks/Lexicon.framework/Versions/A/Lexicon
0x00007fff4e3c8000 	/System/Library/PrivateFrameworks/LinguisticData.framework/Versions/A/LinguisticData
0x00007fff59a6a000 	/usr/lib/libcmph.dylib
0x00007fff3c133000 	/System/Library/Frameworks/ServiceManagement.framework/Versions/A/ServiceManagement
0x00007fff4158f000 	/System/Library/PrivateFrameworks/BackgroundTaskManagement.framework/Versions/A/BackgroundTaskManagement
0x00007fff5be39000 	/usr/lib/libxslt.1.dylib
0x00007fff2fdd5000 	/System/Library/Frameworks/Carbon.framework/Versions/A/Frameworks/Ink.framework/Versions/A/Ink
0x00007fff57374000 	/System/Library/PrivateFrameworks/TextureIO.framework/Versions/A/TextureIO
0x00007fff5988d000 	/usr/lib/libate.dylib
0x00007fff452ca000 	/System/Library/PrivateFrameworks/CrashReporterSupport.framework/Versions/A/CrashReporterSupport
0x00007fff54aae000 	/System/Library/PrivateFrameworks/Sharing.framework/Versions/A/Sharing
0x00007fff412e1000 	/System/Library/PrivateFrameworks/AuthKit.framework/Versions/A/AuthKit
0x00007fff40835000 	/System/Library/PrivateFrameworks/Apple80211.framework/Versions/A/Apple80211
0x00007fff45072000 	/System/Library/PrivateFrameworks/CoreUtils.framework/Versions/A/CoreUtils
0x00007fff32617000 	/System/Library/Frameworks/CoreWLAN.framework/Versions/A/CoreWLAN
0x00007fff33013000 	/System/Library/Frameworks/IOBluetooth.framework/Versions/A/IOBluetooth
0x00007fff52f22000 	/System/Library/PrivateFrameworks/ProtocolBuffer.framework/Versions/A/ProtocolBuffer
0x00007fff4f323000 	/System/Library/PrivateFrameworks/MobileKeyBag.framework/Versions/A/MobileKeyBag
0x00007fff448b6000 	/System/Library/PrivateFrameworks/CorePhoneNumbers.framework/Versions/A/CorePhoneNumbers
0x00007fff40a94000 	/System/Library/PrivateFrameworks/AppleIDAuthSupport.framework/Versions/A/AppleIDAuthSupport
0x00007fff4e27c000 	/System/Library/PrivateFrameworks/KeychainCircle.framework/Versions/A/KeychainCircle
0x00007fff530d8000 	/System/Library/PrivateFrameworks/ROCKit.framework/Versions/A/ROCKit
0x00007fff45266000 	/System/Library/PrivateFrameworks/CoreWiFi.framework/Versions/A/CoreWiFi
0x00007fff303a3000 	/System/Library/Frameworks/CoreBluetooth.framework/Versions/A/CoreBluetooth
0x00007fff454c1000 	/System/Library/PrivateFrameworks/DebugSymbols.framework/Versions/A/DebugSymbols
0x00007fff44e32000 	/System/Library/PrivateFrameworks/CoreSymbolication.framework/Versions/A/CoreSymbolication
0x00007fff56b8f000 	/System/Library/PrivateFrameworks/Symbolication.framework/Versions/A/Symbolication
0x00007fff56432000 	/System/Library/PrivateFrameworks/SpeechRecognitionCore.framework/Versions/A/SpeechRecognitionCore
0x0000000100e00000 	/Library/Java/JavaVirtualMachines/jdk1.8.0_221.jdk/Contents/Home/jre/lib/server/libjvm.dylib
0x00007fff5bc1b000 	/usr/lib/libstdc++.6.dylib
0x0000000100531000 	/Library/Java/JavaVirtualMachines/jdk1.8.0_221.jdk/Contents/Home/jre/lib/libverify.dylib
0x000000010053f000 	/Library/Java/JavaVirtualMachines/jdk1.8.0_221.jdk/Contents/Home/jre/lib/libjava.dylib
0x0000000100576000 	/Library/Java/JavaVirtualMachines/jdk1.8.0_221.jdk/Contents/Home/jre/lib/libinstrument.dylib
0x00000001005d3000 	/Library/Java/JavaVirtualMachines/jdk1.8.0_221.jdk/Contents/Home/jre/lib/libzip.dylib
0x00000001179a1000 	/Library/Java/JavaVirtualMachines/jdk1.8.0_221.jdk/Contents/Home/jre/lib/libnet.dylib
0x0000000117b1a000 	/Library/Java/JavaVirtualMachines/jdk1.8.0_221.jdk/Contents/Home/jre/lib/libprism_es2.dylib
0x00007fff44a3a000 	/System/Library/PrivateFrameworks/CoreServicesInternal.framework/Versions/A/CoreServicesInternal
0x00007fff3a4e6000 	/System/Library/Frameworks/OpenGL.framework/Versions/A/Resources/GLEngine.bundle/GLEngine
0x00007fff39988000 	/System/Library/Frameworks/OpenGL.framework/Versions/A/Libraries/libGLProgrammability.dylib
0x00007fff29014000 	/System/Library/Extensions/AppleIntelKBLGraphicsGLDriver.bundle/Contents/MacOS/AppleIntelKBLGraphicsGLDriver
0x00007fff4b8e5000 	/System/Library/PrivateFrameworks/GPUSupport.framework/Versions/A/Libraries/libGPUSupportMercury.dylib
0x00007fff3a67e000 	/System/Library/Frameworks/OpenGL.framework/Versions/A/Resources/GLRendererFloat.bundle/GLRendererFloat
0x00007fff38f52000 	/System/Library/Frameworks/OpenCL.framework/Versions/A/Libraries/libcldcpuengine.dylib
0x00007fff59ebe000 	/usr/lib/libcrypto.35.dylib
0x00007fff574f2000 	/System/Library/PrivateFrameworks/TrustEvaluationAgent.framework/Versions/A/TrustEvaluationAgent
0x000000011844e000 	/Library/Java/JavaVirtualMachines/jdk1.8.0_221.jdk/Contents/Home/jre/lib/libglass.dylib
0x00007fff24fa6000 	/System/Library/CoreServices/RawCamera.bundle/Contents/MacOS/RawCamera
0x00007fff4f18f000 	/System/Library/PrivateFrameworks/MobileAsset.framework/Versions/A/MobileAsset
0x00007fff56add000 	/System/Library/PrivateFrameworks/StreamingZip.framework/Versions/A/StreamingZip
0x00007fff34d41000 	/System/Library/Frameworks/MediaToolbox.framework/Versions/A/MediaToolbox
0x00007fff43b8c000 	/System/Library/PrivateFrameworks/CoreAVCHD.framework/Versions/A/CoreAVCHD
0x00007fff34c87000 	/System/Library/Frameworks/MediaAccessibility.framework/Versions/A/MediaAccessibility
0x00007fff4ebeb000 	/System/Library/PrivateFrameworks/Mangrove.framework/Versions/A/Mangrove
0x00007fff3193a000 	/System/Library/Frameworks/CoreMedia.framework/Versions/A/CoreMedia
0x00007fff3c79c000 	/System/Library/Frameworks/VideoToolbox.framework/Versions/A/VideoToolbox
0x00007fff437a8000 	/System/Library/PrivateFrameworks/CoreAUC.framework/Versions/A/CoreAUC
0x00007fff5b948000 	/usr/lib/libspindump.dylib
0x00007fff40e63000 	/System/Library/PrivateFrameworks/AppleVA.framework/Versions/A/AppleVA
0x00007fff2cc29000 	/System/Library/Frameworks/Accelerate.framework/Versions/A/Frameworks/vImage.framework/Versions/A/Libraries/libCGInterfaces.dylib
0x00007fff469a6000 	/System/Library/PrivateFrameworks/FamilyControls.framework/Versions/A/FamilyControls
0x00007fff432f9000 	/System/Library/PrivateFrameworks/CommerceKit.framework/Versions/A/Frameworks/CommerceCore.framework/Versions/A/CommerceCore
0x00007fff56e62000 	/System/Library/PrivateFrameworks/SystemAdministration.framework/Versions/A/SystemAdministration
0x00007fff40736000 	/System/Library/PrivateFrameworks/AppContainer.framework/Versions/A/AppContainer
0x00007fff40752000 	/System/Library/PrivateFrameworks/AppSandbox.framework/Versions/A/AppSandbox
0x00007fff5494f000 	/System/Library/PrivateFrameworks/SecCodeWrapper.framework/Versions/A/SecCodeWrapper
0x00007fff5b8f9000 	/usr/lib/libsandbox.1.dylib
0x00007fff5962b000 	/usr/lib/libMatch.1.dylib
0x00007fff45846000 	/System/Library/PrivateFrameworks/DiskManagement.framework/Versions/A/DiskManagement
0x00007fff3281d000 	/System/Library/Frameworks/DirectoryService.framework/Versions/A/DirectoryService
0x00007fff45777000 	/System/Library/PrivateFrameworks/DiskImages.framework/Versions/A/DiskImages
0x00007fff4e4c1000 	/System/Library/PrivateFrameworks/LoginUIKit.framework/Versions/A/Frameworks/LoginUICore.framework/Versions/A/LoginUICore
0x00007fff592ef000 	/usr/lib/libCoreStorage.dylib
0x00007fff5a1b9000 	/usr/lib/libcsfde.dylib
0x00007fff5b779000 	/usr/lib/libodfde.dylib
0x00007fff4ed03000 	/System/Library/PrivateFrameworks/MediaKit.framework/Versions/A/MediaKit
0x00007fff32829000 	/System/Library/Frameworks/DiscRecording.framework/Versions/A/DiscRecording
0x00007fff459ba000 	/System/Library/PrivateFrameworks/EFILogin.framework/Versions/A/EFILogin
0x00007fff52ecd000 	/System/Library/PrivateFrameworks/ProtectedCloudStorage.framework/Versions/A/ProtectedCloudStorage
0x00007fff5a24b000 	/usr/lib/libcurl.4.dylib
0x00007fff5a0b8000 	/usr/lib/libcrypto.42.dylib
0x00007fff5bbeb000 	/usr/lib/libssl.44.dylib
0x00007fff349ce000 	/System/Library/Frameworks/LDAP.framework/Versions/A/LDAP
0x00007fff5b935000 	/usr/lib/libsasl2.2.dylib
0x00007fff43de5000 	/System/Library/PrivateFrameworks/CoreDaemon.framework/Versions/B/CoreDaemon
0x00007fff40d78000 	/System/Library/PrivateFrameworks/AppleSRP.framework/Versions/A/AppleSRP
0x00007fff5832c000 	/System/Library/PrivateFrameworks/ViewBridge.framework/Versions/A/ViewBridge
0x000000011804f000 	/usr/lib/libobjc-trampolines.dylib
0x0000000117f00000 	/Library/Java/JavaVirtualMachines/jdk1.8.0_221.jdk/Contents/Home/jre/lib/libnio.dylib
0x0000000117f10000 	/Library/Java/JavaVirtualMachines/jdk1.8.0_221.jdk/Contents/Home/jre/lib/libjavafx_font.dylib
0x00007fff2ef1c000 	/System/Library/Frameworks/ApplicationServices.framework/Versions/A/Frameworks/ATS.framework/Versions/A/Resources/libTrueTypeScaler.dylib
0x00007fff29de9000 	/System/Library/Extensions/AppleIntelKBLGraphicsMTLDriver.bundle/Contents/MacOS/AppleIntelKBLGraphicsMTLDriver
0x00007fff4a250000 	/System/Library/PrivateFrameworks/GPUCompiler.framework/Versions/3902/Libraries/libmetal_timestamp.dylib
0x0000000120129000 	/Library/Java/JavaVirtualMachines/jdk1.8.0_221.jdk/Contents/Home/jre/lib/libprism_common.dylib
0x000000011c7bb000 	/Library/Java/JavaVirtualMachines/jdk1.8.0_221.jdk/Contents/Home/jre/lib/libawt.dylib
0x000000011c864000 	/Library/Java/JavaVirtualMachines/jdk1.8.0_221.jdk/Contents/Home/jre/lib/./libmlib_image.dylib
0x00007fff3499d000 	/System/Library/Frameworks/JavaVM.framework/Versions/A/Frameworks/JavaNativeFoundation.framework/Versions/A/JavaNativeFoundation
0x00007fff349a6000 	/System/Library/Frameworks/JavaVM.framework/Versions/A/Frameworks/JavaRuntimeSupport.framework/Versions/A/JavaRuntimeSupport
0x00007fff349af000 	/System/Library/Frameworks/JavaVM.framework/Versions/A/JavaVM
0x00007fff4e19b000 	/System/Library/PrivateFrameworks/JavaLaunching.framework/Versions/A/JavaLaunching
0x00007fff2face000 	/System/Library/Frameworks/Carbon.framework/Versions/A/Carbon
0x00007fff2facf000 	/System/Library/Frameworks/Carbon.framework/Versions/A/Frameworks/CommonPanels.framework/Versions/A/CommonPanels
0x00007fff2fdcb000 	/System/Library/Frameworks/Carbon.framework/Versions/A/Frameworks/Help.framework/Versions/A/Help
0x00007fff2fdcf000 	/System/Library/Frameworks/Carbon.framework/Versions/A/Frameworks/ImageCapture.framework/Versions/A/ImageCapture
0x00007fff2fe6b000 	/System/Library/Frameworks/Carbon.framework/Versions/A/Frameworks/OpenScripting.framework/Versions/A/OpenScripting
0x00007fff2fea3000 	/System/Library/Frameworks/Carbon.framework/Versions/A/Frameworks/Print.framework/Versions/A/Print
0x00007fff2fea5000 	/System/Library/Frameworks/Carbon.framework/Versions/A/Frameworks/SecurityHI.framework/Versions/A/SecurityHI
0x000000011c930000 	/Library/Java/JavaVirtualMachines/jdk1.8.0_221.jdk/Contents/Home/jre/lib/libawt_lwawt.dylib
0x000000011c272000 	/Library/Java/JavaVirtualMachines/jdk1.8.0_221.jdk/Contents/Home/jre/lib/./libosxapp.dylib
0x00007fff32aa1000 	/System/Library/Frameworks/ExceptionHandling.framework/Versions/A/ExceptionHandling

VM Arguments:
jvm_args: -javaagent:/Applications/IntelliJ IDEA.app/Contents/lib/idea_rt.jar=54856:/Applications/IntelliJ IDEA.app/Contents/bin -Dfile.encoding=UTF-8 
java_command: chaturanga.Chaturanga
java_class_path (initial): /Library/Java/JavaVirtualMachines/jdk1.8.0_221.jdk/Contents/Home/jre/lib/charsets.jar:/Library/Java/JavaVirtualMachines/jdk1.8.0_221.jdk/Contents/Home/jre/lib/deploy.jar:/Library/Java/JavaVirtualMachines/jdk1.8.0_221.jdk/Contents/Home/jre/lib/ext/cldrdata.jar:/Library/Java/JavaVirtualMachines/jdk1.8.0_221.jdk/Contents/Home/jre/lib/ext/dnsns.jar:/Library/Java/JavaVirtualMachines/jdk1.8.0_221.jdk/Contents/Home/jre/lib/ext/jaccess.jar:/Library/Java/JavaVirtualMachines/jdk1.8.0_221.jdk/Contents/Home/jre/lib/ext/jfxrt.jar:/Library/Java/JavaVirtualMachines/jdk1.8.0_221.jdk/Contents/Home/jre/lib/ext/localedata.jar:/Library/Java/JavaVirtualMachines/jdk1.8.0_221.jdk/Contents/Home/jre/lib/ext/nashorn.jar:/Library/Java/JavaVirtualMachines/jdk1.8.0_221.jdk/Contents/Home/jre/lib/ext/sunec.jar:/Library/Java/JavaVirtualMachines/jdk1.8.0_221.jdk/Contents/Home/jre/lib/ext/sunjce_provider.jar:/Library/Java/JavaVirtualMachines/jdk1.8.0_221.jdk/Contents/Home/jre/lib/ext/sunpkcs11.jar:/Library/Java/JavaVirtualMachines/jdk1.8.0_221.jdk/Contents/Home/jre/lib/ext/zipfs.jar:/Library/Java/JavaVirtualMachines/jdk1.8.0_221.jdk/Contents/Home/jre/lib/javaws.jar:/Library/Java/JavaVirtualMachines/jdk1.8.0_221.jdk/Contents/Home/jre/lib/jce.jar:/Library/Java/JavaVirtualMachines/jdk1.8.0_221.jdk/Contents/Home/jre/lib/jfr.jar:/Library/Java/JavaVirtualMachines/jdk1.8.0_221.jdk/Contents/Home/jre/lib/jfxswt.jar:/Library/Java/JavaVirtualMachines/jdk1.8.0_221.jdk/Contents/Home/jre/lib/jsse.jar:/Library/Java/JavaVirtualMachines/jdk1.8.0_221.jdk/Contents/Home/jre/lib/management-agent.jar:/Library/Java/JavaVirtualMachines/jdk1.8.0_221.jdk/Contents/Home/jre/lib/plugin.jar:/Library/Java/JavaVirtualMachines/jdk1.8.0_221.jdk/Contents/Home/jre/lib/resources.jar:/Library/Java/JavaVirtualMachines/jdk1.8.0_221.jdk/Contents/Home/jre/lib/rt.jar:/Library/Java/JavaVirtualMachines/jdk1.8.0_221.jdk/Contents/Home/lib/ant-javafx.jar:/Library/Java/JavaVirtualMachines/jdk1.8.0_221.jdk/Contents/Home
Launcher Type: SUN_STANDARD

Environment Variables:
PATH=/usr/local/bin:/usr/bin:/bin:/usr/sbin:/sbin:/usr/local/share/dotnet:~/.dotnet/tools:/Library/Frameworks/Mono.framework/Versions/Current/Commands
SHELL=/bin/bash

Signal Handlers:
SIGSEGV: [libjvm.dylib+0x5b71a7], sa_mask[0]=11111111011111110111111111111111, sa_flags=SA_ONSTACK|SA_RESTART|SA_SIGINFO
SIGBUS: [libjvm.dylib+0x5b71a7], sa_mask[0]=11111111011111110111111111111111, sa_flags=SA_RESTART|SA_SIGINFO
SIGFPE: [libjvm.dylib+0x48c8fc], sa_mask[0]=11111111011111110111111111111111, sa_flags=SA_RESTART|SA_SIGINFO
SIGPIPE: [libjvm.dylib+0x48c8fc], sa_mask[0]=11111111011111110111111111111111, sa_flags=SA_RESTART|SA_SIGINFO
SIGXFSZ: [libjvm.dylib+0x48c8fc], sa_mask[0]=11111111011111110111111111111111, sa_flags=SA_RESTART|SA_SIGINFO
SIGILL: [libjvm.dylib+0x48c8fc], sa_mask[0]=11111111011111110111111111111111, sa_flags=SA_RESTART|SA_SIGINFO
SIGUSR1: SIG_DFL, sa_mask[0]=00000000000000000000000000000000, sa_flags=none
SIGUSR2: [libjvm.dylib+0x48c41a], sa_mask[0]=00100000000000000000000000000000, sa_flags=SA_RESTART|SA_SIGINFO
SIGHUP: [libjvm.dylib+0x48a9a5], sa_mask[0]=11111111011111110111111111111111, sa_flags=SA_RESTART|SA_SIGINFO
SIGINT: [libjvm.dylib+0x48a9a5], sa_mask[0]=11111111011111110111111111111111, sa_flags=SA_RESTART|SA_SIGINFO
SIGTERM: [libjvm.dylib+0x48a9a5], sa_mask[0]=11111111011111110111111111111111, sa_flags=SA_RESTART|SA_SIGINFO
SIGQUIT: [libjvm.dylib+0x48a9a5], sa_mask[0]=11111111011111110111111111111111, sa_flags=SA_RESTART|SA_SIGINFO


---------------  S Y S T E M  ---------------

OS:Bsduname:Darwin 18.7.0 Darwin Kernel Version 18.7.0: Tue Aug 20 16:57:14 PDT 2019; root:xnu-4903.271.2~2/RELEASE_X86_64 x86_64
rlimit: STACK 8192k, CORE 0k, NPROC 709, NOFILE 10240, AS infinity
load average:2.77 2.94 2.52

CPU:total 4 (initial active 4) (2 cores per cpu, 2 threads per core) family 6 model 142 stepping 9, cmov, cx8, fxsr, mmx, sse, sse2, sse3, ssse3, sse4.1, sse4.2, popcnt, avx, avx2, aes, clmul, erms, 3dnowpref, lzcnt, ht, tsc, tscinvbit, bmi1, bmi2, adx

Memory: 4k page, physical 8388608k(176852k free)

/proc/meminfo:


vm_info: Java HotSpot(TM) 64-Bit Server VM (25.221-b11) for bsd-amd64 JRE (1.8.0_221-b11), built on Jul  4 2019 04:36:22 by "java_re" with gcc 4.2.1 (Based on Apple Inc. build 5658) (LLVM build 2336.11.00)

time: Tue Dec  3 12:01:35 2019
timezone: WIB
elapsed time: 4 seconds (0d 0h 0m 4s)

